  WindowsProject1.cpp
C:\Users\User\source\repos\WindowsProject1\WindowsProject1\WindowsProject1.cpp(854,13): warning C4101: 'hDIB': unreferenced local variable
C:\Users\User\source\repos\WindowsProject1\WindowsProject1\WindowsProject1.cpp(1064,26): warning C4244: 'initializing': conversion from 'double' to 'float', possible loss of data
C:\Users\User\source\repos\WindowsProject1\WindowsProject1\WindowsProject1.cpp(1065,26): warning C4244: 'initializing': conversion from 'double' to 'float', possible loss of data
C:\Users\User\source\repos\WindowsProject1\WindowsProject1\WindowsProject1.cpp(1066,26): warning C4244: 'initializing': conversion from 'double' to 'float', possible loss of data
C:\Users\User\source\repos\WindowsProject1\WindowsProject1\WindowsProject1.cpp(1067,26): warning C4244: 'initializing': conversion from 'double' to 'float', possible loss of data
C:\Users\User\source\repos\WindowsProject1\WindowsProject1\WindowsProject1.cpp(1069,34): warning C4244: 'argument': conversion from 'float' to 'int', possible loss of data
C:\Users\User\source\repos\WindowsProject1\WindowsProject1\WindowsProject1.cpp(1069,30): warning C4244: 'argument': conversion from 'float' to 'int', possible loss of data
C:\Users\User\source\repos\WindowsProject1\WindowsProject1\WindowsProject1.cpp(1069,26): warning C4244: 'argument': conversion from 'float' to 'int', possible loss of data
C:\Users\User\source\repos\WindowsProject1\WindowsProject1\WindowsProject1.cpp(1069,22): warning C4244: 'argument': conversion from 'float' to 'int', possible loss of data
C:\Users\User\source\repos\WindowsProject1\WindowsProject1\WindowsProject1.cpp(1318,1): warning C4102: 'find_highlighted_msg': unreferenced label
C:\Users\User\source\repos\WindowsProject1\WindowsProject1\WindowsProject1.cpp(2377,23): warning C4244: '=': conversion from 'double' to 'LONG', possible loss of data
C:\Users\User\source\repos\WindowsProject1\WindowsProject1\WindowsProject1.cpp(2378,23): warning C4244: '=': conversion from 'double' to 'LONG', possible loss of data
C:\Users\User\source\repos\WindowsProject1\WindowsProject1\WindowsProject1.cpp(2438,23): warning C4244: '=': conversion from 'double' to 'LONG', possible loss of data
C:\Users\User\source\repos\WindowsProject1\WindowsProject1\WindowsProject1.cpp(2439,23): warning C4244: '=': conversion from 'double' to 'LONG', possible loss of data
C:\Users\User\source\repos\WindowsProject1\WindowsProject1\WindowsProject1.cpp(2496,22): warning C4244: '=': conversion from 'double' to 'LONG', possible loss of data
C:\Users\User\source\repos\WindowsProject1\WindowsProject1\WindowsProject1.cpp(2497,22): warning C4244: '=': conversion from 'double' to 'LONG', possible loss of data
C:\Users\User\source\repos\WindowsProject1\WindowsProject1\WindowsProject1.cpp(2514,22): warning C4244: '=': conversion from 'double' to 'LONG', possible loss of data
C:\Users\User\source\repos\WindowsProject1\WindowsProject1\WindowsProject1.cpp(2515,22): warning C4244: '=': conversion from 'double' to 'LONG', possible loss of data
C:\Users\User\source\repos\WindowsProject1\WindowsProject1\WindowsProject1.cpp(3078,22): warning C4244: 'argument': conversion from 'double' to 'int', possible loss of data
C:\Users\User\source\repos\WindowsProject1\WindowsProject1\WindowsProject1.cpp(3079,22): warning C4244: 'argument': conversion from 'double' to 'int', possible loss of data
C:\Users\User\source\repos\WindowsProject1\WindowsProject1\WindowsProject1.cpp(3080,22): warning C4244: 'argument': conversion from 'double' to 'int', possible loss of data
C:\Program Files\Microsoft Visual Studio\2022\Community\VC\Tools\MSVC\14.40.33807\include\xutility(4672,18): warning C4244: '=': conversion from 'wchar_t' to 'char', possible loss of data
  Generating code
  1 of 390 functions ( 0.3%) were compiled, the rest were copied from previous compilation.
    0 functions were new in current compilation
    2 functions had inline decision re-evaluated but remain unchanged
  Finished generating code
  WindowsProject1.vcxproj -> C:\Users\User\source\repos\WindowsProject1\x64\Release\WindowsProject1.exe
